2024-08-14T15:10:23.493Z - User registered: elli
2024-08-14T15:10:28.446Z - User logged in: elli
2024-08-14T15:11:24.565Z - User logged in: elli
2024-08-14T15:12:59.473Z - User registered: elli
2024-08-14T15:13:38.998Z - User logged in: elli
2024-08-14T15:13:58.800Z - User logged in: elli
2024-08-14T15:30:54.924Z - User registered: 
2024-08-14T15:32:09.565Z - User logged in: 
2024-08-14T15:32:23.090Z - User registered: weq
2024-08-14T15:32:34.251Z - User logged in: weq
2024-08-14T15:33:40.949Z - User registered: cool
2024-08-14T15:33:56.988Z - User logged in: cool
2024-08-14T16:13:52.783Z - User registered: elli1
2024-08-14T16:28:46.495Z - User registered: sdf
2024-08-14T16:34:19.680Z - User registered: ewrewr
2024-08-14T16:40:09.818Z - User registered: rztuztfgut
2024-08-14T16:41:20.732Z - User registered:  6rztrt
2024-08-14T18:50:27.101Z - User logged in: 
2024-08-14T18:50:28.065Z - User logged in: 
2024-08-14T18:50:28.248Z - User logged in: 
2024-08-14T20:05:51.779Z - User registered: c
2024-08-14T20:24:14.998Z - User registered: sdrser
2024-08-17T12:56:13.232Z - User registered: 1
2024-08-17T13:01:24.362Z - User registered: testy
2024-08-17T13:31:06.183Z - User registered: oscar
2024-08-17T13:39:36.911Z - User registered: sedfs
2024-08-17T13:42:58.847Z - User registered: ewerwtrwe
2024-08-17T13:49:50.332Z - User registered: uzgujkgd
2024-08-17T13:50:18.478Z - User registered: doesthiswork
2024-08-17T13:52:28.288Z - User registered: coolesdingey
2024-08-17T13:53:33.920Z - User registered: jaaaan
2024-08-17T14:28:21.877Z - User registered: 123
2024-08-17T14:28:54.183Z - User registered: 1233
2024-08-17T14:29:01.017Z - User registered: 1233^1
2024-08-17T14:33:41.411Z - User registered: 
2024-08-17T14:39:23.116Z - User registered: 1234
2024-08-17T14:42:04.430Z - User registered: 12431342
2024-08-17T14:42:40.266Z - User registered: retre5t435
2024-08-17T15:25:19.457Z - User logged in: 123
2024-08-17T15:26:33.719Z - User logged in: 
2024-08-17T15:26:37.803Z - User logged in: 123
2024-08-17T15:26:48.848Z - User logged in: 123
2024-08-17T15:26:56.737Z - User logged in: 123
2024-08-17T15:27:42.851Z - User logged in: 123
2024-08-17T15:28:30.410Z - User registered: 123456
2024-08-17T15:28:40.420Z - User logged in: 123456
2024-08-17T15:29:52.003Z - User registered: testing
2024-08-17T15:30:03.393Z - User logged in: testing
2024-08-17T15:32:29.641Z - User registered: turnsoutmyserverisrunning
2024-08-17T21:06:41.791Z - User registered: 2134345
2024-08-17T21:08:56.511Z - User registered: retert
2024-08-17T21:12:53.721Z - User registered: ewrwe
2024-08-17T21:16:49.725Z - User logged in: 123
2024-08-17T21:31:46.683Z - User registered: sgdfgsgsf
2024-08-17T21:32:53.947Z - User registered: sgdfgsgsfewr
2024-08-17T21:33:25.306Z - User registered: erwzedhgdfwe4
2024-08-17T21:33:33.099Z - User registered: erwzedhgdfwe4ewre
2024-08-17T21:34:30.441Z - User registered: sertdfawesdfd
2024-08-17T21:35:14.837Z - User registered: redzgfgr5edt
2024-08-17T21:36:07.732Z - User logged in: 123
2024-08-17T21:36:34.843Z - User registered: 123124
2024-08-17T21:43:33.628Z - User registered: 123124555
2024-08-17T21:45:23.414Z - User registered: 1231245554534
2024-08-17T21:52:31.744Z - User registered: 234wt43534
2024-08-17T21:56:26.795Z - User registered: w5rw4
2024-08-17T21:56:34.609Z - User logged in: 123
2024-08-17T22:00:48.703Z - User registered: 1231432ghjgh
2024-08-17T22:15:37.627Z - User registered: 4e324234
2024-08-17T22:15:59.541Z - User logged in: 
2024-08-17T22:16:06.184Z - User logged in: 123
2024-08-17T22:16:46.284Z - User logged in: 123
2024-08-17T22:20:32.640Z - User logged in: 123
2024-08-17T22:27:50.560Z - User logged in: 
2024-08-17T22:29:42.920Z - User registered: 123
2024-08-17T22:29:44.219Z - User logged in: 123
2024-08-17T22:29:57.740Z - User logged in: 123
2024-08-17T22:30:00.688Z - User logged in: 123
2024-08-17T22:34:21.526Z - User logged in: 123
2024-08-17T22:34:30.348Z - User logged in: 123
2024-08-17T22:38:42.789Z - User logged in: 123
2024-08-17T22:38:59.363Z - User logged in: 123
2024-08-17T22:40:08.847Z - User logged in: 123
2024-08-17T22:45:08.661Z - User logged in: 123
2024-08-17T22:45:11.227Z - User logged in: 123
2024-08-17T22:45:11.963Z - User logged in: 123
2024-08-17T22:45:12.121Z - User logged in: 123
2024-08-17T22:45:12.289Z - User logged in: 123
2024-08-17T22:45:23.385Z - User logged in: 123
2024-08-17T23:00:21.768Z - User registered: 453edzdf
2024-08-17T23:01:04.417Z - User registered: 34232
2024-08-17T23:01:18.445Z - User logged in: 123
2024-08-17T23:01:32.527Z - User logged in: 123
2024-08-17T23:01:41.517Z - User logged in: 123
2024-08-17T23:01:49.191Z - User logged in: 123
2024-08-17T23:06:05.208Z - User logged in: 123
2024-08-17T23:06:16.365Z - User registered: 453534
2024-08-17T23:06:19.631Z - User logged in: 123
2024-08-17T23:07:11.198Z - User logged in: 123
2024-08-17T23:07:16.844Z - User logged in: 123
2024-08-17T23:09:13.397Z - User registered: 123444
2024-08-17T23:19:38.199Z - User registered: 543534
2024-08-17T23:20:39.774Z - User registered: r6546tdrfg
2024-08-17T23:22:59.161Z - User logged in: 123
2024-08-17T23:23:00.716Z - User logged in: 123
2024-08-17T23:23:06.771Z - User logged in: 123
2024-08-17T23:23:10.924Z - User logged in: 123
2024-08-17T23:23:16.905Z - User registered: rwerwer
2024-08-17T23:24:12.875Z - User registered: werew
2024-08-17T23:24:24.961Z - User logged in: 123
2024-08-17T23:24:33.191Z - User logged in: 123
2024-08-17T23:25:22.775Z - User registered: elli
2024-08-17T23:29:36.990Z - User logged in: 123
2024-08-17T23:29:46.642Z - User logged in: 123
2024-08-17T23:29:53.143Z - User logged in: 123
2024-08-17T23:30:00.951Z - User registered: 234werf
2024-08-17T23:33:42.536Z - User registered: 234werfweerwwre
2024-08-17T23:38:17.762Z - User logged in: elli
2024-08-17T23:38:20.336Z - User logged in: elli
2024-08-17T23:50:16.859Z - User registered: 34324
